[debug] [2020-12-06T10:17:04.746Z] ----------------------------------------------------------------------
[debug] [2020-12-06T10:17:04.747Z] Command:       C:\Program Files\nodejs\node.exe C:\Users\Jo\AppData\Roaming\npm\node_modules\firebase-tools\lib\bin\firebase.js serve
[debug] [2020-12-06T10:17:04.747Z] CLI Version:   8.17.0
[debug] [2020-12-06T10:17:04.747Z] Platform:      win32
[debug] [2020-12-06T10:17:04.748Z] Node Version:  v14.15.0
[debug] [2020-12-06T10:17:04.748Z] Time:          Sun Dec 06 2020 19:17:04 GMT+0900 (대한민국 표준시)
[debug] [2020-12-06T10:17:04.748Z] ----------------------------------------------------------------------
[debug] [2020-12-06T10:17:04.748Z] 
[debug] [2020-12-06T10:17:04.752Z] > command requires scopes: ["email","openid","https://www.googleapis.com/auth/cloudplatformprojects.readonly","https://www.googleapis.com/auth/firebase","https://www.googleapis.com/auth/cloud-platform"]
[debug] [2020-12-06T10:17:04.753Z] > authorizing via signed-in user
[debug] [2020-12-06T10:17:04.753Z] [iam] checking project delivery-medicine for permissions ["firebase.projects.get"]
[debug] [2020-12-06T10:17:04.755Z] >>> HTTP REQUEST POST https://cloudresourcemanager.googleapis.com/v1/projects/delivery-medicine:testIamPermissions  
 {"permissions":["firebase.projects.get"]}
[debug] [2020-12-06T10:17:05.488Z] <<< HTTP RESPONSE 200 {"content-type":"application/json; charset=UTF-8","vary":"X-Origin, Referer, Origin,Accept-Encoding","date":"Sun, 06 Dec 2020 10:17:05 GMT","server":"ESF","cache-control":"private","x-xss-protection":"0","x-frame-options":"SAMEORIGIN","x-content-type-options":"nosniff","server-timing":"gfet4t7; dur=584","alt-svc":"h3-29=\":443\"; ma=2592000,h3-T051=\":443\"; ma=2592000,h3-Q050=\":443\"; ma=2592000,h3-Q046=\":443\"; ma=2592000,h3-Q043=\":443\"; ma=2592000,quic=\":443\"; ma=2592000; v=\"46,43\"","accept-ranges":"none","transfer-encoding":"chunked"}
[debug] [2020-12-06T10:17:05.488Z] >>> HTTP REQUEST GET https://firebase.googleapis.com/v1beta1/projects/delivery-medicine  
 
[debug] [2020-12-06T10:17:06.302Z] <<< HTTP RESPONSE 200 {"content-type":"application/json; charset=UTF-8","vary":"X-Origin, Referer, Origin,Accept-Encoding","date":"Sun, 06 Dec 2020 10:17:05 GMT","server":"ESF","cache-control":"private","x-xss-protection":"0","x-frame-options":"SAMEORIGIN","x-content-type-options":"nosniff","alt-svc":"h3-29=\":443\"; ma=2592000,h3-T051=\":443\"; ma=2592000,h3-Q050=\":443\"; ma=2592000,h3-Q046=\":443\"; ma=2592000,h3-Q043=\":443\"; ma=2592000,quic=\":443\"; ma=2592000; v=\"46,43\"","accept-ranges":"none","transfer-encoding":"chunked"}
[info] 
[info] === Serving from 'C:\Users\Jo\Desktop\del_final\test2\test123_test1'...
[info] 
[warn] !  Your requested "node" version "12" doesn't match your global version "14" {"metadata":{"emulator":{"name":"functions"},"message":"Your requested \"node\" version \"12\" doesn't match your global version \"14\""}}
[debug] [2020-12-06T10:17:06.308Z] defaultcredentials: writing to file C:\Users\Jo\AppData\Roaming\firebase\alsltjdrhs1997_gmail_com_application_default_credentials.json
[debug] [2020-12-06T10:17:06.309Z] Setting GAC to C:\Users\Jo\AppData\Roaming\firebase\alsltjdrhs1997_gmail_com_application_default_credentials.json {"metadata":{"emulator":{"name":"functions"},"message":"Setting GAC to C:\\Users\\Jo\\AppData\\Roaming\\firebase\\alsltjdrhs1997_gmail_com_application_default_credentials.json"}}
[info] i  functions: Watching "C:\Users\Jo\Desktop\del_final\test2\test123_test1\functions" for Cloud Functions... {"metadata":{"emulator":{"name":"functions"},"message":"Watching \"C:\\Users\\Jo\\Desktop\\del_final\\test2\\test123_test1\\functions\" for Cloud Functions..."}}
[debug] [2020-12-06T10:17:06.319Z] [worker-pool] addWorker(~diagnostic~) {"metadata":{"emulator":{"name":"functions"},"message":"[worker-pool] addWorker(~diagnostic~)"}}
[debug] [2020-12-06T10:17:06.319Z] [worker-pool] Adding worker with key ~diagnostic~, total=1 {"metadata":{"emulator":{"name":"functions"},"message":"[worker-pool] Adding worker with key ~diagnostic~, total=1"}}
[debug] [2020-12-06T10:17:06.319Z] [worker-pool] submitWork(triggerId=) {"metadata":{"emulator":{"name":"functions"},"message":"[worker-pool] submitWork(triggerId=)"}}
[debug] [2020-12-06T10:17:06.320Z] [worker-~diagnostic~-fca0c312-84d2-40b8-86d5-4162df23b346]: Assigning socketPath: \\?\pipe\C:\Users\Jo\Desktop\del_final\test2\test123_test1\functions\29568 {"metadata":{"emulator":{"name":"functions"},"message":"[worker-~diagnostic~-fca0c312-84d2-40b8-86d5-4162df23b346]: Assigning socketPath: \\\\?\\pipe\\C:\\Users\\Jo\\Desktop\\del_final\\test2\\test123_test1\\functions\\29568"}}
[debug] [2020-12-06T10:17:06.320Z] [worker-~diagnostic~-fca0c312-84d2-40b8-86d5-4162df23b346]: BUSY {"metadata":{"emulator":{"name":"functions"},"message":"[worker-~diagnostic~-fca0c312-84d2-40b8-86d5-4162df23b346]: BUSY"}}
[debug] [2020-12-06T10:17:06.435Z] [runtime-status] [29568] Functions runtime initialized. {"cwd":"C:\\Users\\Jo\\Desktop\\del_final\\test2\\test123_test1\\functions","node_version":"14.15.0"} {"metadata":{"emulator":{"name":"functions"},"message":"[runtime-status] [29568] Functions runtime initialized. {\"cwd\":\"C:\\\\Users\\\\Jo\\\\Desktop\\\\del_final\\\\test2\\\\test123_test1\\\\functions\",\"node_version\":\"14.15.0\"}"}}
[debug] [2020-12-06T10:17:06.435Z] [runtime-status] [29568] Disabled runtime features: undefined {"metadata":{"emulator":{"name":"functions"},"message":"[runtime-status] [29568] Disabled runtime features: undefined"}}
[debug] [2020-12-06T10:17:06.438Z] [runtime-status] [29568] Resolved module firebase-admin {"declared":true,"installed":true,"version":"9.4.1","resolution":"C:\\Users\\Jo\\Desktop\\del_final\\test2\\test123_test1\\functions\\node_modules\\firebase-admin\\lib\\index.js"} {"metadata":{"emulator":{"name":"functions"},"message":"[runtime-status] [29568] Resolved module firebase-admin {\"declared\":true,\"installed\":true,\"version\":\"9.4.1\",\"resolution\":\"C:\\\\Users\\\\Jo\\\\Desktop\\\\del_final\\\\test2\\\\test123_test1\\\\functions\\\\node_modules\\\\firebase-admin\\\\lib\\\\index.js\"}"}}
[debug] [2020-12-06T10:17:06.439Z] [runtime-status] [29568] Resolved module firebase-functions {"declared":true,"installed":true,"version":"3.12.0","resolution":"C:\\Users\\Jo\\Desktop\\del_final\\test2\\test123_test1\\functions\\node_modules\\firebase-functions\\lib\\index.js"} {"metadata":{"emulator":{"name":"functions"},"message":"[runtime-status] [29568] Resolved module firebase-functions {\"declared\":true,\"installed\":true,\"version\":\"3.12.0\",\"resolution\":\"C:\\\\Users\\\\Jo\\\\Desktop\\\\del_final\\\\test2\\\\test123_test1\\\\functions\\\\node_modules\\\\firebase-functions\\\\lib\\\\index.js\"}"}}
[debug] [2020-12-06T10:17:06.440Z] [runtime-status] [29568] Resolved module firebase-functions {"declared":true,"installed":true,"version":"3.12.0","resolution":"C:\\Users\\Jo\\Desktop\\del_final\\test2\\test123_test1\\functions\\node_modules\\firebase-functions\\lib\\index.js"} {"metadata":{"emulator":{"name":"functions"},"message":"[runtime-status] [29568] Resolved module firebase-functions {\"declared\":true,\"installed\":true,\"version\":\"3.12.0\",\"resolution\":\"C:\\\\Users\\\\Jo\\\\Desktop\\\\del_final\\\\test2\\\\test123_test1\\\\functions\\\\node_modules\\\\firebase-functions\\\\lib\\\\index.js\"}"}}
[debug] [2020-12-06T10:17:06.441Z] [runtime-status] [29568] Outgoing network have been stubbed. [{"name":"http","status":"mocked"},{"name":"http","status":"mocked"},{"name":"https","status":"mocked"},{"name":"https","status":"mocked"},{"name":"net","status":"mocked"}] {"metadata":{"emulator":{"name":"functions"},"message":"[runtime-status] [29568] Outgoing network have been stubbed. [{\"name\":\"http\",\"status\":\"mocked\"},{\"name\":\"http\",\"status\":\"mocked\"},{\"name\":\"https\",\"status\":\"mocked\"},{\"name\":\"https\",\"status\":\"mocked\"},{\"name\":\"net\",\"status\":\"mocked\"}]"}}
[debug] [2020-12-06T10:17:06.441Z] [runtime-status] [29568] Resolved module firebase-functions {"declared":true,"installed":true,"version":"3.12.0","resolution":"C:\\Users\\Jo\\Desktop\\del_final\\test2\\test123_test1\\functions\\node_modules\\firebase-functions\\lib\\index.js"} {"metadata":{"emulator":{"name":"functions"},"message":"[runtime-status] [29568] Resolved module firebase-functions {\"declared\":true,\"installed\":true,\"version\":\"3.12.0\",\"resolution\":\"C:\\\\Users\\\\Jo\\\\Desktop\\\\del_final\\\\test2\\\\test123_test1\\\\functions\\\\node_modules\\\\firebase-functions\\\\lib\\\\index.js\"}"}}
[debug] [2020-12-06T10:17:06.470Z] [runtime-status] [29568] Checked functions.config() {"config":{}} {"metadata":{"emulator":{"name":"functions"},"message":"[runtime-status] [29568] Checked functions.config() {\"config\":{}}"}}
[debug] [2020-12-06T10:17:06.471Z] [runtime-status] [29568] firebase-functions has been stubbed. {"functionsResolution":{"declared":true,"installed":true,"version":"3.12.0","resolution":"C:\\Users\\Jo\\Desktop\\del_final\\test2\\test123_test1\\functions\\node_modules\\firebase-functions\\lib\\index.js"}} {"metadata":{"emulator":{"name":"functions"},"message":"[runtime-status] [29568] firebase-functions has been stubbed. {\"functionsResolution\":{\"declared\":true,\"installed\":true,\"version\":\"3.12.0\",\"resolution\":\"C:\\\\Users\\\\Jo\\\\Desktop\\\\del_final\\\\test2\\\\test123_test1\\\\functions\\\\node_modules\\\\firebase-functions\\\\lib\\\\index.js\"}}"}}
[debug] [2020-12-06T10:17:06.471Z] [runtime-status] [29568] Resolved module firebase-functions {"declared":true,"installed":true,"version":"3.12.0","resolution":"C:\\Users\\Jo\\Desktop\\del_final\\test2\\test123_test1\\functions\\node_modules\\firebase-functions\\lib\\index.js"} {"metadata":{"emulator":{"name":"functions"},"message":"[runtime-status] [29568] Resolved module firebase-functions {\"declared\":true,\"installed\":true,\"version\":\"3.12.0\",\"resolution\":\"C:\\\\Users\\\\Jo\\\\Desktop\\\\del_final\\\\test2\\\\test123_test1\\\\functions\\\\node_modules\\\\firebase-functions\\\\lib\\\\index.js\"}"}}
[debug] [2020-12-06T10:17:06.472Z] [runtime-status] [29568] Resolved module firebase-admin {"declared":true,"installed":true,"version":"9.4.1","resolution":"C:\\Users\\Jo\\Desktop\\del_final\\test2\\test123_test1\\functions\\node_modules\\firebase-admin\\lib\\index.js"} {"metadata":{"emulator":{"name":"functions"},"message":"[runtime-status] [29568] Resolved module firebase-admin {\"declared\":true,\"installed\":true,\"version\":\"9.4.1\",\"resolution\":\"C:\\\\Users\\\\Jo\\\\Desktop\\\\del_final\\\\test2\\\\test123_test1\\\\functions\\\\node_modules\\\\firebase-admin\\\\lib\\\\index.js\"}"}}
[debug] [2020-12-06T10:17:06.472Z] [runtime-status] [29568] Resolved module firebase-functions {"declared":true,"installed":true,"version":"3.12.0","resolution":"C:\\Users\\Jo\\Desktop\\del_final\\test2\\test123_test1\\functions\\node_modules\\firebase-functions\\lib\\index.js"} {"metadata":{"emulator":{"name":"functions"},"message":"[runtime-status] [29568] Resolved module firebase-functions {\"declared\":true,\"installed\":true,\"version\":\"3.12.0\",\"resolution\":\"C:\\\\Users\\\\Jo\\\\Desktop\\\\del_final\\\\test2\\\\test123_test1\\\\functions\\\\node_modules\\\\firebase-functions\\\\lib\\\\index.js\"}"}}
[debug] [2020-12-06T10:17:06.472Z] [runtime-status] [29568] firebase-admin has been stubbed. {"adminResolution":{"declared":true,"installed":true,"version":"9.4.1","resolution":"C:\\Users\\Jo\\Desktop\\del_final\\test2\\test123_test1\\functions\\node_modules\\firebase-admin\\lib\\index.js"}} {"metadata":{"emulator":{"name":"functions"},"message":"[runtime-status] [29568] firebase-admin has been stubbed. {\"adminResolution\":{\"declared\":true,\"installed\":true,\"version\":\"9.4.1\",\"resolution\":\"C:\\\\Users\\\\Jo\\\\Desktop\\\\del_final\\\\test2\\\\test123_test1\\\\functions\\\\node_modules\\\\firebase-admin\\\\lib\\\\index.js\"}}"}}
[debug] [2020-12-06T10:17:06.473Z] [worker-~diagnostic~-fca0c312-84d2-40b8-86d5-4162df23b346]: IDLE {"metadata":{"emulator":{"name":"functions"},"message":"[worker-~diagnostic~-fca0c312-84d2-40b8-86d5-4162df23b346]: IDLE"}}
